<?xml version="1.0" encoding="UTF-8"?>
<!-- Generated by org.testng.reporters.JUnitXMLReporter -->
<testsuite ignored="0" hostname="DESKTOP-B7V6ES1" failures="1" tests="6" name="Default test(failed)" time="0.182" errors="0" timestamp="2023-06-08T00:25:31 IST">
  <testcase classname="sample.ClassA" name="testA1" time="0.024">
    <failure type="java.lang.AssertionError" message="null">
      <![CDATA[java.lang.AssertionError: null
at sample.ClassA.testA1(ClassA.java:13)
at java.base/java.util.ArrayList.forEach(ArrayList.java:1511)
... Removed 29 stack frames]]>
    </failure>
  </testcase> <!-- testA1 -->
  <testcase classname="sample.ClassA" name="testA2" time="0.004"/>
  <testcase classname="sample.ClassB" name="testB1" time="0.003"/>
  <testcase classname="sample.ClassB" name="testB2" time="0.004"/>
  <testcase classname="sample.ClassC" name="testC1" time="0.004"/>
  <testcase classname="sample.ClassC" name="testC2" time="0.006"/>
</testsuite> <!-- Default test(failed) -->
